<?xml version="1.0" encoding="UTF-8"?>
<!-- Generated by org.testng.reporters.JUnitReportReporter -->
<testsuite hostname="Chukki_Laptop" failures="0" tests="1" name="com.StepDefnition.trial" time="17.542" errors="0" timestamp="2023-11-15T21:28:10 IST" skipped="0">
  <testcase classname="com.StepDefnition.trial" name="open" time="17.542"/>
</testsuite> <!-- com.StepDefnition.trial -->
